  Main.cpp
D:\Programming\C++\DS project\DS project\Main.cpp(387,51): warning C4267: 'initializing': conversion from 'size_t' to 'int', possible loss of data
D:\Programming\C++\DS project\DS project\Main.cpp(460,47): warning C4267: 'initializing': conversion from 'size_t' to 'int', possible loss of data
D:\Programming\C++\DS project\DS project\Main.cpp(856,53): warning C4244: 'argument': conversion from 'double' to 'const _Elem', possible loss of data
          with
          [
              _Elem=char
          ]
D:\Programming\C++\DS project\DS project\Main.cpp(869,59): warning C4244: 'argument': conversion from 'double' to 'const _Elem', possible loss of data
          with
          [
              _Elem=char
          ]
D:\Programming\C++\DS project\DS project\Main.cpp(956,49): warning C4244: 'argument': conversion from 'double' to 'const _Elem', possible loss of data
          with
          [
              _Elem=char
          ]
  Read_Write.cpp
  Show.cpp
  Generating Code...
  BuyProcess.cpp
  DS project.vcxproj -> D:\Programming\C++\DS project\x64\Debug\DS project.exe
